<?xml version="1.0" encoding="UTF-8"?>
<testng-results skipped="0" failed="0" ignored="1" total="2" passed="1">
  <reporter-output>
  </reporter-output>
  <suite name="Suite" duration-ms="18239" started-at="2018-10-26T17:23:03Z" finished-at="2018-10-26T17:23:22Z">
    <groups>
    </groups>
    <test name="ChromeTest" duration-ms="18239" started-at="2018-10-26T17:23:03Z" finished-at="2018-10-26T17:23:22Z">
      <class name="com.test.proposify.UnitTestClass">
        <test-method status="PASS" signature="setup(java.lang.String)[pri:0, instance:com.test.proposify.UnitTestClass@29ee9faa]" name="setup" is-config="true" duration-ms="7307" started-at="2018-10-26T14:23:03Z" finished-at="2018-10-26T14:23:11Z">
          <params>
            <param index="0">
              <value>
                <![CDATA[chrome]]>
              </value>
            </param>
          </params>
          <reporter-output>
          </reporter-output>
        </test-method> <!-- setup -->
        <test-method status="PASS" signature="verifyDuplicateSectionRename()[pri:0, instance:com.test.proposify.UnitTestClass@29ee9faa]" name="verifyDuplicateSectionRename" duration-ms="10904" started-at="2018-10-26T14:23:11Z" finished-at="2018-10-26T14:23:22Z">
          <reporter-output>
          </reporter-output>
        </test-method> <!-- verifyDuplicateSectionRename -->
      </class> <!-- com.test.proposify.UnitTestClass -->
    </test> <!-- ChromeTest -->
  </suite> <!-- Suite -->
</testng-results>
