<?xml version="1.0" encoding="UTF-8"?>
<!-- Generated by org.testng.reporters.JUnitXMLReporter -->
<testsuite hostname="LAPTOP-CH7BT7R0" ignored="1" name="ChromeTest" tests="1" failures="0" timestamp="26 Oct 2018 17:23:22 GMT" time="18.239" errors="0">
  <testcase name="verifyDuplicateSectionRename" time="10.904" classname="com.test.proposify.UnitTestClass"/>
  <testcase name="verifytherowcolorChanges1" time="0.0" classname="com.test.proposify.UnitTestClass">
    <ignored/>
  </testcase> <!-- verifytherowcolorChanges1 -->
</testsuite> <!-- ChromeTest -->
