<?xml version="1.0" encoding="UTF-8"?>
<!-- Generated by org.testng.reporters.JUnitXMLReporter -->
<testsuite hostname="Milans-MacBook-Pro.local" ignored="0" name="Test" tests="10" failures="0" timestamp="03 Aug 2018 16:50:06 GMT" time="0.062" errors="0">
  <testcase name="@BeforeMethod setup" time="0.0" classname="com.test.proposify.Dashboard_TestCases">
    <failure type="org.testng.TestNGException" message="
Parameter &amp;apos;browser&amp;apos; is required by BeforeMethod on method setup but has not been marked @Optional or defined
in /Users/milan/eclipse-workspace/staging.automation/dashtestng.xml">
      <![CDATA[org.testng.TestNGException: 
Parameter 'browser' is required by BeforeMethod on method setup but has not been marked @Optional or defined
in /Users/milan/eclipse-workspace/staging.automation/dashtestng.xml
... Removed 24 stack frames]]>
    </failure>
  </testcase> <!-- @BeforeMethod setup -->
  <testcase name="@BeforeMethod setup" time="0.0" classname="com.test.proposify.Dashboard_TestCases">
    <skipped/>
  </testcase> <!-- @BeforeMethod setup -->
  <testcase name="@BeforeMethod setup" time="0.0" classname="com.test.proposify.Dashboard_TestCases">
    <skipped/>
  </testcase> <!-- @BeforeMethod setup -->
  <testcase name="@BeforeMethod setup" time="0.0" classname="com.test.proposify.Dashboard_TestCases">
    <skipped/>
  </testcase> <!-- @BeforeMethod setup -->
  <testcase name="@BeforeMethod setup" time="0.0" classname="com.test.proposify.Dashboard_TestCases">
    <skipped/>
  </testcase> <!-- @BeforeMethod setup -->
  <testcase name="@BeforeMethod setup" time="0.0" classname="com.test.proposify.Dashboard_TestCases">
    <skipped/>
  </testcase> <!-- @BeforeMethod setup -->
  <testcase name="@BeforeMethod setup" time="0.0" classname="com.test.proposify.Dashboard_TestCases">
    <skipped/>
  </testcase> <!-- @BeforeMethod setup -->
  <testcase name="@BeforeMethod setup" time="0.0" classname="com.test.proposify.Dashboard_TestCases">
    <skipped/>
  </testcase> <!-- @BeforeMethod setup -->
  <testcase name="@BeforeMethod setup" time="0.0" classname="com.test.proposify.Dashboard_TestCases">
    <skipped/>
  </testcase> <!-- @BeforeMethod setup -->
  <testcase name="@BeforeMethod setup" time="0.0" classname="com.test.proposify.Dashboard_TestCases">
    <skipped/>
  </testcase> <!-- @BeforeMethod setup -->
  <testcase name="verifyUIelementsOnDashBoard" time="0.006" classname="com.test.proposify.Dashboard_TestCases">
    <skipped/>
  </testcase> <!-- verifyUIelementsOnDashBoard -->
  <testcase name="verifyHoverElementsOnTheProposalStrip" time="0.001" classname="com.test.proposify.Dashboard_TestCases">
    <skipped/>
  </testcase> <!-- verifyHoverElementsOnTheProposalStrip -->
  <testcase name="verifyProposalBeingStarred" time="0.001" classname="com.test.proposify.Dashboard_TestCases">
    <skipped/>
  </testcase> <!-- verifyProposalBeingStarred -->
  <testcase name="verifySearchResultforStarredProposals" time="0.001" classname="com.test.proposify.Dashboard_TestCases">
    <skipped/>
  </testcase> <!-- verifySearchResultforStarredProposals -->
  <testcase name="verifySearchResultforNonStarredProposals" time="0.001" classname="com.test.proposify.Dashboard_TestCases">
    <skipped/>
  </testcase> <!-- verifySearchResultforNonStarredProposals -->
  <testcase name="verifyCreateProposalButtonFunctionality" time="0.001" classname="com.test.proposify.Dashboard_TestCases">
    <skipped/>
  </testcase> <!-- verifyCreateProposalButtonFunctionality -->
  <testcase name="verifyViewArchive" time="0.001" classname="com.test.proposify.Dashboard_TestCases">
    <skipped/>
  </testcase> <!-- verifyViewArchive -->
  <testcase name="verifyAddStream" time="0.001" classname="com.test.proposify.Dashboard_TestCases">
    <skipped/>
  </testcase> <!-- verifyAddStream -->
  <testcase name="verifyDeleteStream" time="0.001" classname="com.test.proposify.Dashboard_TestCases">
    <skipped/>
  </testcase> <!-- verifyDeleteStream -->
  <testcase name="verifyMessageAfterFiveStream" time="0.001" classname="com.test.proposify.Dashboard_TestCases">
    <skipped/>
  </testcase> <!-- verifyMessageAfterFiveStream -->
</testsuite> <!-- Test -->
